[0m11:03:45.158457 [debug] [MainThread]: Sending event: {'category': 'dbt', 'action': 'invocation', 'label': 'start', 'context': [<snowplow_tracker.self_describing_json.SelfDescribingJson object at 0x000001882C0A7B30>, <snowplow_tracker.self_describing_json.SelfDescribingJson object at 0x000001882ABE1DC0>, <snowplow_tracker.self_describing_json.SelfDescribingJson object at 0x000001882C672360>]}


============================== 11:03:45.165358 | 40f04b5a-14ba-463d-900a-2f0ddba1248e ==============================
[0m11:03:45.165358 [info ] [MainThread]: Running with dbt=1.11.5
[0m11:03:45.165358 [debug] [MainThread]: running dbt with arguments {'write_json': 'True', 'use_colors': 'True', 'profiles_dir': 'C:\\Users\\Barath Nithish\\.dbt', 'printer_width': '80', 'no_print': 'None', 'warn_error': 'None', 'log_path': 'logs', 'partial_parse': 'True', 'static_parser': 'True', 'send_anonymous_usage_stats': 'True', 'fail_fast': 'False', 'warn_error_options': 'WarnErrorOptionsV2(error=[], warn=[], silence=[])', 'indirect_selection': 'eager', 'version_check': 'True', 'use_experimental_parser': 'False', 'quiet': 'False', 'introspect': 'True', 'empty': 'None', 'log_cache_events': 'False', 'debug': 'False', 'log_format': 'default', 'invocation_command': 'dbt init ronaldo_analytics', 'cache_selected_only': 'False', 'target_path': 'None'}
[0m11:03:45.200417 [info ] [MainThread]: Creating dbt configuration folder at C:\Users\Barath Nithish\.dbt
[0m11:03:45.204029 [debug] [MainThread]: Starter project path: C:\Users\Barath Nithish\AppData\Local\Programs\Python\Python312\Lib\site-packages\dbt\include\starter_project
[0m11:03:45.238557 [info ] [MainThread]: 
Your new dbt project "ronaldo_analytics" was created!

For more information on how to configure the profiles.yml file,
please consult the dbt documentation here:

  https://docs.getdbt.com/docs/configure-your-profile

One more thing:

Need help? Don't hesitate to reach out to us via GitHub issues or on Slack:

  https://community.getdbt.com/

Happy modeling!

[0m11:03:45.238557 [info ] [MainThread]: Setting up your profile.
[0m11:03:58.398439 [debug] [MainThread]: Snowflake adapter: Setting snowflake.connector to ERROR (file logging only)
[0m11:03:58.398439 [debug] [MainThread]: Snowflake adapter: Setting botocore to ERROR (file logging only)
[0m11:03:58.398439 [debug] [MainThread]: Snowflake adapter: Setting boto3 to ERROR (file logging only)
[0m11:09:21.218320 [info ] [MainThread]: Profile ronaldo_analytics written to C:\Users\Barath Nithish\.dbt\profiles.yml using target's profile_template.yml and your supplied values. Run 'dbt debug' to validate the connection.
[0m11:09:21.218320 [debug] [MainThread]: Command `dbt init` succeeded at 11:09:21.218320 after 336.20 seconds
[0m11:09:21.218320 [debug] [MainThread]: Sending event: {'category': 'dbt', 'action': 'invocation', 'label': 'end', 'context': [<snowplow_tracker.self_describing_json.SelfDescribingJson object at 0x000001882C0A7B30>, <snowplow_tracker.self_describing_json.SelfDescribingJson object at 0x000001884DC76D80>, <snowplow_tracker.self_describing_json.SelfDescribingJson object at 0x000001882A599B80>]}
[0m11:09:21.218320 [debug] [MainThread]: Flushing usage events
[0m11:09:21.978122 [debug] [MainThread]: An error was encountered while trying to flush usage events
